#
# There is insufficient memory for the Java Runtime Environment to continue.
# Native memory allocation (malloc) failed to allocate 353776 bytes for Chunk::new
# Possible reasons:
#   The system is out of physical RAM or swap space
#   The process is running with CompressedOops enabled, and the Java Heap may be blocking the growth of the native heap
# Possible solutions:
#   Reduce memory load on the system
#   Increase physical memory or swap space
#   Check if swap backing store is full
#   Decrease Java heap size (-Xmx/-Xms)
#   Decrease number of Java threads
#   Decrease Java thread stack sizes (-Xss)
#   Set larger code cache with -XX:ReservedCodeCacheSize=
#   JVM is running with Zero Based Compressed Oops mode in which the Java heap is
#     placed in the first 32GB address space. The Java Heap base address is the
#     maximum limit for the native heap growth. Please use -XX:HeapBaseMinAddress
#     to set the Java Heap base and to place the Java Heap above 32GB virtual address.
# This output file may be truncated or incomplete.
#
#  Out of Memory Error (arena.cpp:189), pid=153552, tid=166992
#
# JRE version: OpenJDK Runtime Environment Corretto-17.0.4.9.1 (17.0.4.1+9) (build 17.0.4.1+9-LTS)
# Java VM: OpenJDK 64-Bit Server VM Corretto-17.0.4.9.1 (17.0.4.1+9-LTS, mixed mode, sharing, tiered, compressed oops, compressed class ptrs, g1 gc, windows-amd64)
# No core dump will be written. Minidumps are not enabled by default on client versions of Windows
#

---------------  S U M M A R Y ------------

Command Line: -javaagent:C:\Program Files\JetBrains\IntelliJ IDEA Community Edition 2022.2.1\lib\idea_rt.jar=59655:C:\Program Files\JetBrains\IntelliJ IDEA Community Edition 2022.2.1\bin -Dfile.encoding=UTF-8 Main

Host: 11th Gen Intel(R) Core(TM) i7-1165G7 @ 2.80GHz, 8 cores, 15G,  Windows 11 , 64 bit Build 22000 (10.0.22000.708)
Time: Fri Sep 23 21:00:32 2022 RTZ 2 (s 11 , 64 bit Build 22000 (10.0.22000.708) elapsed time: 1.036884 seconds (0d 0h 0m 1s)

---------------  T H R E A D  ---------------

Current thread (0x000002619980a9d0):  JavaThread "C2 CompilerThread0" daemon [_thread_in_native, id=166992, stack(0x0000006763e00000,0x0000006763f00000)]


Current CompileTask:
C2:   1036  268       4       java.util.HashMap::putVal (300 bytes)

Stack: [0x0000006763e00000,0x0000006763f00000]
Native frames: (J=compiled Java code, j=interpreted, Vv=VM code, C=native code)
V  [jvm.dll+0x64724a]
V  [jvm.dll+0x7f87a4]
V  [jvm.dll+0x7f9f5e]
V  [jvm.dll+0x7fa5b3]
V  [jvm.dll+0x234ed8]
V  [jvm.dll+0xbce1b]
V  [jvm.dll+0xbd3ac]
V  [jvm.dll+0x34dc07]
V  [jvm.dll+0x31849f]
V  [jvm.dll+0x3178da]
V  [jvm.dll+0x209585]
V  [jvm.dll+0x208b17]
V  [jvm.dll+0x198ded]
V  [jvm.dll+0x217eb9]
V  [jvm.dll+0x216104]
V  [jvm.dll+0x7b0d5b]
V  [jvm.dll+0x7ab31a]
V  [jvm.dll+0x6460f5]
C  [ucrtbase.dll+0x26c0c]
C  [KERNEL32.DLL+0x154e0]
C  [ntdll.dll+0x485b]


---------------  P R O C E S S  ---------------

Threads class SMR info:
_java_thread_list=0x00000261999f8d50, length=13, elements={
0x00000261f3748f90, 0x00000261ff77a130, 0x00000261ff77aae0, 0x0000026199804ce0,
0x00000261998059b0, 0x0000026199806270, 0x0000026199806c20, 0x000002619980a9d0,
0x0000026199810d90, 0x0000026199811f60, 0x0000026199912320, 0x00000261999f7480,
0x00000261999f7f10
}

Java Threads: ( => current thread )
  0x00000261f3748f90 JavaThread "main" [_thread_in_native, id=156596, stack(0x0000006763100000,0x0000006763200000)]
  0x00000261ff77a130 JavaThread "Reference Handler" daemon [_thread_blocked, id=130528, stack(0x0000006763800000,0x0000006763900000)]
  0x00000261ff77aae0 JavaThread "Finalizer" daemon [_thread_blocked, id=131024, stack(0x0000006763900000,0x0000006763a00000)]
  0x0000026199804ce0 JavaThread "Signal Dispatcher" daemon [_thread_blocked, id=169520, stack(0x0000006763a00000,0x0000006763b00000)]
  0x00000261998059b0 JavaThread "Attach Listener" daemon [_thread_blocked, id=165512, stack(0x0000006763b00000,0x0000006763c00000)]
  0x0000026199806270 JavaThread "Service Thread" daemon [_thread_blocked, id=86912, stack(0x0000006763c00000,0x0000006763d00000)]
  0x0000026199806c20 JavaThread "Monitor Deflation Thread" daemon [_thread_blocked, id=169392, stack(0x0000006763d00000,0x0000006763e00000)]
=>0x000002619980a9d0 JavaThread "C2 CompilerThread0" daemon [_thread_in_native, id=166992, stack(0x0000006763e00000,0x0000006763f00000)]
  0x0000026199810d90 JavaThread "C1 CompilerThread0" daemon [_thread_blocked, id=158172, stack(0x0000006763f00000,0x0000006764000000)]
  0x0000026199811f60 JavaThread "Sweeper thread" daemon [_thread_blocked, id=162528, stack(0x0000006764000000,0x0000006764100000)]
  0x0000026199912320 JavaThread "Common-Cleaner" daemon [_thread_blocked, id=163788, stack(0x0000006764100000,0x0000006764200000)]
  0x00000261999f7480 JavaThread "Monitor Ctrl-Break" daemon [_thread_in_native, id=168512, stack(0x0000006764200000,0x0000006764300000)]
  0x00000261999f7f10 JavaThread "Notification Thread" daemon [_thread_blocked, id=167984, stack(0x0000006764300000,0x0000006764400000)]

Other Threads:
  0x00000261ff776b00 VMThread "VM Thread" [stack: 0x0000006763700000,0x0000006763800000] [id=131744]
  0x00000261999f83e0 WatcherThread [stack: 0x0000006764400000,0x0000006764500000] [id=167492]
  0x00000261f37b3ab0 GCTaskThread "GC Thread#0" [stack: 0x0000006763200000,0x0000006763300000] [id=159652]
  0x00000261f37c46e0 ConcurrentGCThread "G1 Main Marker" [stack: 0x0000006763300000,0x0000006763400000] [id=152872]
  0x00000261f37c5830 ConcurrentGCThread "G1 Conc#0" [stack: 0x0000006763400000,0x0000006763500000] [id=150764]
  0x00000261f382e830 ConcurrentGCThread "G1 Refine#0" [stack: 0x0000006763500000,0x0000006763600000] [id=159788]
  0x00000261ff62d230 ConcurrentGCThread "G1 Service" [stack: 0x0000006763600000,0x0000006763700000] [id=155416]

Threads with active compile tasks:
C2 CompilerThread0     1053  268       4       java.util.HashMap::putVal (300 bytes)

VM state: not at safepoint (normal execution)

VM Mutex/Monitor currently owned by a thread: None

Heap address: 0x0000000703600000, size: 4042 MB, Compressed Oops mode: Zero based, Oop shift amount: 3

CDS archive(s) mapped at: [0x0000000800000000-0x0000000800bc0000-0x0000000800bc0000), size 12320768, SharedBaseAddress: 0x0000000800000000, ArchiveRelocationMode: 0.
Compressed class space mapped at: 0x0000000800c00000-0x0000000840c00000, reserved size: 1073741824
Narrow klass base: 0x0000000800000000, Narrow klass shift: 0, Narrow klass range: 0x100000000

GC Precious Log:
 CPUs: 8 total, 8 available
 Memory: 16167M
 Large Page Support: Disabled
 NUMA Support: Disabled
 Compressed Oops: Enabled (Zero based)
 Heap Region Size: 2M
 Heap Min Capacity: 8M
 Heap Initial Capacity: 254M
 Heap Max Capacity: 4042M
 Pre-touch: Disabled
 Parallel Workers: 8
 Concurrent Workers: 2
 Concurrent Refinement Workers: 8
 Periodic GC: Disabled

Heap:
 garbage-first heap   total 260096K, used 2048K [0x0000000703600000, 0x0000000800000000)
  region size 2048K, 2 young (4096K), 0 survivors (0K)
 Metaspace       used 1050K, committed 1216K, reserved 1056768K
  class space    used 84K, committed 192K, reserved 1048576K

Heap Regions: E=young(eden), S=young(survivor), O=old, HS=humongous(starts), HC=humongous(continues), CS=collection set, F=free, OA=open archive, CA=closed archive, TAMS=top-at-mark-start (previous, next)
|   0|0x0000000703600000, 0x0000000703600000, 0x0000000703800000|  0%| F|  |TAMS 0x0000000703600000, 0x0000000703600000| Untracked 
|   1|0x0000000703800000, 0x0000000703800000, 0x0000000703a00000|  0%| F|  |TAMS 0x0000000703800000, 0x0000000703800000| Untracked 
|   2|0x0000000703a00000, 0x0000000703a00000, 0x0000000703c00000|  0%| F|  |TAMS 0x0000000703a00000, 0x0000000703a00000| Untracked 
|   3|0x0000000703c00000, 0x0000000703c00000, 0x0000000703e00000|  0%| F|  |TAMS 0x0000000703c00000, 0x0000000703c00000| Untracked 
|   4|0x0000000703e00000, 0x0000000703e00000, 0x0000000704000000|  0%| F|  |TAMS 0x0000000703e00000, 0x0000000703e00000| Untracked 
|   5|0x0000000704000000, 0x0000000704000000, 0x0000000704200000|  0%| F|  |TAMS 0x0000000704000000, 0x0000000704000000| Untracked 
|   6|0x0000000704200000, 0x0000000704200000, 0x0000000704400000|  0%| F|  |TAMS 0x0000000704200000, 0x0000000704200000| Untracked 
|   7|0x0000000704400000, 0x0000000704400000, 0x0000000704600000|  0%| F|  |TAMS 0x0000000704400000, 0x0000000704400000| Untracked 
|   8|0x0000000704600000, 0x0000000704600000, 0x0000000704800000|  0%| F|  |TAMS 0x0000000704600000, 0x0000000704600000| Untracked 
|   9|0x0000000704800000, 0x0000000704800000, 0x0000000704a00000|  0%| F|  |TAMS 0x0000000704800000, 0x0000000704800000| Untracked 
|  10|0x0000000704a00000, 0x0000000704a00000, 0x0000000704c00000|  0%| F|  |TAMS 0x0000000704a00000, 0x0000000704a00000| Untracked 
|  11|0x0000000704c00000, 0x0000000704c00000, 0x0000000704e00000|  0%| F|  |TAMS 0x0000000704c00000, 0x0000000704c00000| Untracked 
|  12|0x0000000704e00000, 0x0000000704e00000, 0x0000000705000000|  0%| F|  |TAMS 0x0000000704e00000, 0x0000000704e00000| Untracked 
|  13|0x0000000705000000, 0x0000000705000000, 0x0000000705200000|  0%| F|  |TAMS 0x0000000705000000, 0x0000000705000000| Untracked 
|  14|0x0000000705200000, 0x0000000705200000, 0x0000000705400000|  0%| F|  |TAMS 0x0000000705200000, 0x0000000705200000| Untracked 
|  15|0x0000000705400000, 0x0000000705400000, 0x0000000705600000|  0%| F|  |TAMS 0x0000000705400000, 0x0000000705400000| Untracked 
|  16|0x0000000705600000, 0x0000000705600000, 0x0000000705800000|  0%| F|  |TAMS 0x0000000705600000, 0x0000000705600000| Untracked 
|  17|0x0000000705800000, 0x0000000705800000, 0x0000000705a00000|  0%| F|  |TAMS 0x0000000705800000, 0x0000000705800000| Untracked 
|  18|0x0000000705a00000, 0x0000000705a00000, 0x0000000705c00000|  0%| F|  |TAMS 0x0000000705a00000, 0x0000000705a00000| Untracked 
|  19|0x0000000705c00000, 0x0000000705c00000, 0x0000000705e00000|  0%| F|  |TAMS 0x0000000705c00000, 0x0000000705c00000| Untracked 
|  20|0x0000000705e00000, 0x0000000705e00000, 0x0000000706000000|  0%| F|  |TAMS 0x0000000705e00000, 0x0000000705e00000| Untracked 
|  21|0x0000000706000000, 0x0000000706000000, 0x0000000706200000|  0%| F|  |TAMS 0x0000000706000000, 0x0000000706000000| Untracked 
|  22|0x0000000706200000, 0x0000000706200000, 0x0000000706400000|  0%| F|  |TAMS 0x0000000706200000, 0x0000000706200000| Untracked 
|  23|0x0000000706400000, 0x0000000706400000, 0x0000000706600000|  0%| F|  |TAMS 0x0000000706400000, 0x0000000706400000| Untracked 
|  24|0x0000000706600000, 0x0000000706600000, 0x0000000706800000|  0%| F|  |TAMS 0x0000000706600000, 0x0000000706600000| Untracked 
|  25|0x0000000706800000, 0x0000000706800000, 0x0000000706a00000|  0%| F|  |TAMS 0x0000000706800000, 0x0000000706800000| Untracked 
|  26|0x0000000706a00000, 0x0000000706a00000, 0x0000000706c00000|  0%| F|  |TAMS 0x0000000706a00000, 0x0000000706a00000| Untracked 
|  27|0x0000000706c00000, 0x0000000706c00000, 0x0000000706e00000|  0%| F|  |TAMS 0x0000000706c00000, 0x0000000706c00000| Untracked 
|  28|0x0000000706e00000, 0x0000000706e00000, 0x0000000707000000|  0%| F|  |TAMS 0x0000000706e00000, 0x0000000706e00000| Untracked 
|  29|0x0000000707000000, 0x0000000707000000, 0x0000000707200000|  0%| F|  |TAMS 0x0000000707000000, 0x0000000707000000| Untracked 
|  30|0x0000000707200000, 0x0000000707200000, 0x0000000707400000|  0%| F|  |TAMS 0x0000000707200000, 0x0000000707200000| Untracked 
|  31|0x0000000707400000, 0x0000000707400000, 0x0000000707600000|  0%| F|  |TAMS 0x0000000707400000, 0x0000000707400000| Untracked 
|  32|0x0000000707600000, 0x0000000707600000, 0x0000000707800000|  0%| F|  |TAMS 0x0000000707600000, 0x0000000707600000| Untracked 
|  33|0x0000000707800000, 0x0000000707800000, 0x0000000707a00000|  0%| F|  |TAMS 0x0000000707800000, 0x0000000707800000| Untracked 
|  34|0x0000000707a00000, 0x0000000707a00000, 0x0000000707c00000|  0%| F|  |TAMS 0x0000000707a00000, 0x0000000707a00000| Untracked 
|  35|0x0000000707c00000, 0x0000000707c00000, 0x0000000707e00000|  0%| F|  |TAMS 0x0000000707c00000, 0x0000000707c00000| Untracked 
|  36|0x0000000707e00000, 0x0000000707e00000, 0x0000000708000000|  0%| F|  |TAMS 0x0000000707e00000, 0x0000000707e00000| Untracked 
|  37|0x0000000708000000, 0x0000000708000000, 0x0000000708200000|  0%| F|  |TAMS 0x0000000708000000, 0x0000000708000000| Untracked 
|  38|0x0000000708200000, 0x0000000708200000, 0x0000000708400000|  0%| F|  |TAMS 0x0000000708200000, 0x0000000708200000| Untracked 
|  39|0x0000000708400000, 0x0000000708400000, 0x0000000708600000|  0%| F|  |TAMS 0x0000000708400000, 0x0000000708400000| Untracked 
|  40|0x0000000708600000, 0x0000000708600000, 0x0000000708800000|  0%| F|  |TAMS 0x0000000708600000, 0x0000000708600000| Untracked 
|  41|0x0000000708800000, 0x0000000708800000, 0x0000000708a00000|  0%| F|  |TAMS 0x0000000708800000, 0x0000000708800000| Untracked 
|  42|0x0000000708a00000, 0x0000000708a00000, 0x0000000708c00000|  0%| F|  |TAMS 0x0000000708a00000, 0x0000000708a00000| Untracked 
|  43|0x0000000708c00000, 0x0000000708c00000, 0x0000000708e00000|  0%| F|  |TAMS 0x0000000708c00000, 0x0000000708c00000| Untracked 
|  44|0x0000000708e00000, 0x0000000708e00000, 0x0000000709000000|  0%| F|  |TAMS 0x0000000708e00000, 0x0000000708e00000| Untracked 
|  45|0x0000000709000000, 0x0000000709000000, 0x0000000709200000|  0%| F|  |TAMS 0x0000000709000000, 0x0000000709000000| Untracked 
|  46|0x0000000709200000, 0x0000000709200000, 0x0000000709400000|  0%| F|  |TAMS 0x0000000709200000, 0x0000000709200000| Untracked 
|  47|0x0000000709400000, 0x0000000709400000, 0x0000000709600000|  0%| F|  |TAMS 0x0000000709400000, 0x0000000709400000| Untracked 
|  48|0x0000000709600000, 0x0000000709600000, 0x0000000709800000|  0%| F|  |TAMS 0x0000000709600000, 0x0000000709600000| Untracked 
|  49|0x0000000709800000, 0x0000000709800000, 0x0000000709a00000|  0%| F|  |TAMS 0x0000000709800000, 0x0000000709800000| Untracked 
|  50|0x0000000709a00000, 0x0000000709a00000, 0x0000000709c00000|  0%| F|  |TAMS 0x0000000709a00000, 0x0000000709a00000| Untracked 
|  51|0x0000000709c00000, 0x0000000709c00000, 0x0000000709e00000|  0%| F|  |TAMS 0x0000000709c00000, 0x0000000709c00000| Untracked 
|  52|0x0000000709e00000, 0x0000000709e00000, 0x000000070a000000|  0%| F|  |TAMS 0x0000000709e00000, 0x0000000709e00000| Untracked 
|  53|0x000000070a000000, 0x000000070a000000, 0x000000070a200000|  0%| F|  |TAMS 0x000000070a000000, 0x000000070a000000| Untracked 
|  54|0x000000070a200000, 0x000000070a200000, 0x000000070a400000|  0%| F|  |TAMS 0x000000070a200000, 0x000000070a200000| Untracked 
|  55|0x000000070a400000, 0x000000070a400000, 0x000000070a600000|  0%| F|  |TAMS 0x000000070a400000, 0x000000070a400000| Untracked 
|  56|0x000000070a600000, 0x000000070a600000, 0x000000070a800000|  0%| F|  |TAMS 0x000000070a600000, 0x000000070a600000| Untracked 
|  57|0x000000070a800000, 0x000000070a800000, 0x000000070aa00000|  0%| F|  |TAMS 0x000000070a800000, 0x000000070a800000| Untracked 
|  58|0x000000070aa00000, 0x000000070aa00000, 0x000000070ac00000|  0%| F|  |TAMS 0x000000070aa00000, 0x000000070aa00000| Untracked 
|  59|0x000000070ac00000, 0x000000070ac00000, 0x000000070ae00000|  0%| F|  |TAMS 0x000000070ac00000, 0x000000070ac00000| Untracked 
|  60|0x000000070ae00000, 0x000000070ae00000, 0x000000070b000000|  0%| F|  |TAMS 0x000000070ae00000, 0x000000070ae00000| Untracked 
|  61|0x000000070b000000, 0x000000070b000000, 0x000000070b200000|  0%| F|  |TAMS 0x000000070b000000, 0x000000070b000000| Untracked 
|  62|0x000000070b200000, 0x000000070b200000, 0x000000070b400000|  0%| F|  |TAMS 0x000000070b200000, 0x000000070b200000| Untracked 
|  63|0x000000070b400000, 0x000000070b400000, 0x000000070b600000|  0%| F|  |TAMS 0x000000070b400000, 0x000000070b400000| Untracked 
|  64|0x000000070b600000, 0x000000070b600000, 0x000000070b800000|  0%| F|  |TAMS 0x000000070b600000, 0x000000070b600000| Untracked 
|  65|0x000000070b800000, 0x000000070b800000, 0x000000070ba00000|  0%| F|  |TAMS 0x000000070b800000, 0x000000070b800000| Untracked 
|  66|0x000000070ba00000, 0x000000070ba00000, 0x000000070bc00000|  0%| F|  |TAMS 0x000000070ba00000, 0x000000070ba00000| Untracked 
|  67|0x000000070bc00000, 0x000000070bc00000, 0x000000070be00000|  0%| F|  |TAMS 0x000000070bc00000, 0x000000070bc00000| Untracked 
|  68|0x000000070be00000, 0x000000070be00000, 0x000000070c000000|  0%| F|  |TAMS 0x000000070be00000, 0x000000070be00000| Untracked 
|  69|0x000000070c000000, 0x000000070c000000, 0x000000070c200000|  0%| F|  |TAMS 0x000000070c000000, 0x000000070c000000| Untracked 
|  70|0x000000070c200000, 0x000000070c200000, 0x000000070c400000|  0%| F|  |TAMS 0x000000070c200000, 0x000000070c200000| Untracked 
|  71|0x000000070c400000, 0x000000070c400000, 0x000000070c600000|  0%| F|  |TAMS 0x000000070c400000, 0x000000070c400000| Untracked 
|  72|0x000000070c600000, 0x000000070c600000, 0x000000070c800000|  0%| F|  |TAMS 0x000000070c600000, 0x000000070c600000| Untracked 
|  73|0x000000070c800000, 0x000000070c800000, 0x000000070ca00000|  0%| F|  |TAMS 0x000000070c800000, 0x000000070c800000| Untracked 
|  74|0x000000070ca00000, 0x000000070ca00000, 0x000000070cc00000|  0%| F|  |TAMS 0x000000070ca00000, 0x000000070ca00000| Untracked 
|  75|0x000000070cc00000, 0x000000070cc00000, 0x000000070ce00000|  0%| F|  |TAMS 0x000000070cc00000, 0x000000070cc00000| Untracked 
|  76|0x000000070ce00000, 0x000000070ce00000, 0x000000070d000000|  0%| F|  |TAMS 0x000000070ce00000, 0x000000070ce00000| Untracked 
|  77|0x000000070d000000, 0x000000070d000000, 0x000000070d200000|  0%| F|  |TAMS 0x000000070d000000, 0x000000070d000000| Untracked 
|  78|0x000000070d200000, 0x000000070d200000, 0x000000070d400000|  0%| F|  |TAMS 0x000000070d200000, 0x000000070d200000| Untracked 
|  79|0x000000070d400000, 0x000000070d400000, 0x000000070d600000|  0%| F|  |TAMS 0x000000070d400000, 0x000000070d400000| Untracked 
|  80|0x000000070d600000, 0x000000070d600000, 0x000000070d800000|  0%| F|  |TAMS 0x000000070d600000, 0x000000070d600000| Untracked 
|  81|0x000000070d800000, 0x000000070d800000, 0x000000070da00000|  0%| F|  |TAMS 0x000000070d800000, 0x000000070d800000| Untracked 
|  82|0x000000070da00000, 0x000000070da00000, 0x000000070dc00000|  0%| F|  |TAMS 0x000000070da00000, 0x000000070da00000| Untracked 
|  83|0x000000070dc00000, 0x000000070dc00000, 0x000000070de00000|  0%| F|  |TAMS 0x000000070dc00000, 0x000000070dc00000| Untracked 
|  84|0x000000070de00000, 0x000000070de00000, 0x000000070e000000|  0%| F|  |TAMS 0x000000070de00000, 0x000000070de00000| Untracked 
|  85|0x000000070e000000, 0x000000070e000000, 0x000000070e200000|  0%| F|  |TAMS 0x000000070e000000, 0x000000070e000000| Untracked 
|  86|0x000000070e200000, 0x000000070e200000, 0x000000070e400000|  0%| F|  |TAMS 0x000000070e200000, 0x000000070e200000| Untracked 
|  87|0x000000070e400000, 0x000000070e400000, 0x000000070e600000|  0%| F|  |TAMS 0x000000070e400000, 0x000000070e400000| Untracked 
|  88|0x000000070e600000, 0x000000070e600000, 0x000000070e800000|  0%| F|  |TAMS 0x000000070e600000, 0x000000070e600000| Untracked 
|  89|0x000000070e800000, 0x000000070e800000, 0x000000070ea00000|  0%| F|  |TAMS 0x000000070e800000, 0x000000070e800000| Untracked 
|  90|0x000000070ea00000, 0x000000070ea00000, 0x000000070ec00000|  0%| F|  |TAMS 0x000000070ea00000, 0x000000070ea00000| Untracked 
|  91|0x000000070ec00000, 0x000000070ec00000, 0x000000070ee00000|  0%| F|  |TAMS 0x000000070ec00000, 0x000000070ec00000| Untracked 
|  92|0x000000070ee00000, 0x000000070ee00000, 0x000000070f000000|  0%| F|  |TAMS 0x000000070ee00000, 0x000000070ee00000| Untracked 
|  93|0x000000070f000000, 0x000000070f000000, 0x000000070f200000|  0%| F|  |TAMS 0x000000070f000000, 0x000000070f000000| Untracked 
|  94|0x000000070f200000, 0x000000070f200000, 0x000000070f400000|  0%| F|  |TAMS 0x000000070f200000, 0x000000070f200000| Untracked 
|  95|0x000000070f400000, 0x000000070f400000, 0x000000070f600000|  0%| F|  |TAMS 0x000000070f400000, 0x000000070f400000| Untracked 
|  96|0x000000070f600000, 0x000000070f600000, 0x000000070f800000|  0%| F|  |TAMS 0x000000070f600000, 0x000000070f600000| Untracked 
|  97|0x000000070f800000, 0x000000070f800000, 0x000000070fa00000|  0%| F|  |TAMS 0x000000070f800000, 0x000000070f800000| Untracked 
|  98|0x000000070fa00000, 0x000000070fa00000, 0x000000070fc00000|  0%| F|  |TAMS 0x000000070fa00000, 0x000000070fa00000| Untracked 
|  99|0x000000070fc00000, 0x000000070fc00000, 0x000000070fe00000|  0%| F|  |TAMS 0x000000070fc00000, 0x000000070fc00000| Untracked 
| 100|0x000000070fe00000, 0x000000070fe00000, 0x0000000710000000|  0%| F|  |TAMS 0x000000070fe00000, 0x000000070fe00000| Untracked 
| 101|0x0000000710000000, 0x0000000710000000, 0x0000000710200000|  0%| F|  |TAMS 0x0000000710000000, 0x0000000710000000| Untracked 
| 102|0x0000000710200000, 0x0000000710200000, 0x0000000710400000|  0%| F|  |TAMS 0x0000000710200000, 0x0000000710200000| Untracked 
| 103|0x0000000710400000, 0x0000000710400000, 0x0000000710600000|  0%| F|  |TAMS 0x0000000710400000, 0x0000000710400000| Untracked 
| 104|0x0000000710600000, 0x0000000710600000, 0x0000000710800000|  0%| F|  |TAMS 0x0000000710600000, 0x0000000710600000| Untracked 
| 105|0x0000000710800000, 0x0000000710800000, 0x0000000710a00000|  0%| F|  |TAMS 0x0000000710800000, 0x0000000710800000| Untracked 
| 106|0x0000000710a00000, 0x0000000710a00000, 0x0000000710c00000|  0%| F|  |TAMS 0x0000000710a00000, 0x0000000710a00000| Untracked 
| 107|0x0000000710c00000, 0x0000000710c00000, 0x0000000710e00000|  0%| F|  |TAMS 0x0000000710c00000, 0x0000000710c00000| Untracked 
| 108|0x0000000710e00000, 0x0000000710e00000, 0x0000000711000000|  0%| F|  |TAMS 0x0000000710e00000, 0x0000000710e00000| Untracked 
| 109|0x0000000711000000, 0x0000000711000000, 0x0000000711200000|  0%| F|  |TAMS 0x0000000711000000, 0x0000000711000000| Untracked 
| 110|0x0000000711200000, 0x0000000711200000, 0x0000000711400000|  0%| F|  |TAMS 0x0000000711200000, 0x0000000711200000| Untracked 
| 111|0x0000000711400000, 0x0000000711400000, 0x0000000711600000|  0%| F|  |TAMS 0x0000000711400000, 0x0000000711400000| Untracked 
| 112|0x0000000711600000, 0x0000000711600000, 0x0000000711800000|  0%| F|  |TAMS 0x0000000711600000, 0x0000000711600000| Untracked 
| 113|0x0000000711800000, 0x0000000711800000, 0x0000000711a00000|  0%| F|  |TAMS 0x0000000711800000, 0x0000000711800000| Untracked 
| 114|0x0000000711a00000, 0x0000000711a00000, 0x0000000711c00000|  0%| F|  |TAMS 0x0000000711a00000, 0x0000000711a00000| Untracked 
| 115|0x0000000711c00000, 0x0000000711c00000, 0x0000000711e00000|  0%| F|  |TAMS 0x0000000711c00000, 0x0000000711c00000| Untracked 
| 116|0x0000000711e00000, 0x0000000711e00000, 0x0000000712000000|  0%| F|  |TAMS 0x0000000711e00000, 0x0000000711e00000| Untracked 
| 117|0x0000000712000000, 0x0000000712000000, 0x0000000712200000|  0%| F|  |TAMS 0x0000000712000000, 0x0000000712000000| Untracked 
| 118|0x0000000712200000, 0x0000000712200000, 0x0000000712400000|  0%| F|  |TAMS 0x0000000712200000, 0x0000000712200000| Untracked 
| 119|0x0000000712400000, 0x0000000712400000, 0x0000000712600000|  0%| F|  |TAMS 0x0000000712400000, 0x0000000712400000| Untracked 
| 120|0x0000000712600000, 0x0000000712600000, 0x0000000712800000|  0%| F|  |TAMS 0x0000000712600000, 0x0000000712600000| Untracked 
| 121|0x0000000712800000, 0x0000000712800000, 0x0000000712a00000|  0%| F|  |TAMS 0x0000000712800000, 0x0000000712800000| Untracked 
| 122|0x0000000712a00000, 0x0000000712a00000, 0x0000000712c00000|  0%| F|  |TAMS 0x0000000712a00000, 0x0000000712a00000| Untracked 
| 123|0x0000000712c00000, 0x0000000712c00000, 0x0000000712e00000|  0%| F|  |TAMS 0x0000000712c00000, 0x0000000712c00000| Untracked 
| 124|0x0000000712e00000, 0x0000000712e00000, 0x0000000713000000|  0%| F|  |TAMS 0x0000000712e00000, 0x0000000712e00000| Untracked 
| 125|0x0000000713000000, 0x0000000713200000, 0x0000000713200000|100%| E|  |TAMS 0x0000000713000000, 0x0000000713000000| Complete 
| 126|0x0000000713200000, 0x0000000713400000, 0x0000000713400000|100%| E|CS|TAMS 0x0000000713200000, 0x0000000713200000| Complete 

Card table byte_map: [0x00000261fdc90000,0x00000261fe480000] _byte_map_base: 0x00000261fa475000

Marking Bits (Prev, Next): (CMBitMap*) 0x00000261f37b3fc0, (CMBitMap*) 0x00000261f37b4000
 Prev Bits: [0x000002618f000000, 0x0000026192f28000)
 Next Bits: [0x0000026192f30000, 0x0000026196e58000)

Polling page: 0x00000261f3830000

Metaspace:

Usage:
  Non-class:    966.26 KB used.
      Class:     84.14 KB used.
       Both:      1.03 MB used.

Virtual space:
  Non-class space:        8.00 MB reserved,       1.00 MB ( 13%) committed,  1 nodes.
      Class space:        1.00 GB reserved,     192.00 KB ( <1%) committed,  1 nodes.
             Both:        1.01 GB reserved,       1.19 MB ( <1%) committed. 

Chunk freelists:
   Non-Class:  3.95 MB
       Class:  3.74 MB
        Both:  7.69 MB

MaxMetaspaceSize: unlimited
CompressedClassSpaceSize: 1.00 GB
Initial GC threshold: 21.00 MB
Current GC threshold: 21.00 MB
CDS: on
MetaspaceReclaimPolicy: balanced
 - commit_granule_bytes: 65536.
 - commit_granule_words: 8192.
 - virtual_space_node_default_size: 1048576.
 - enlarge_chunks_in_place: 1.
 - new_chunks_are_fully_committed: 0.
 - uncommit_free_chunks: 1.
 - use_allocation_guard: 0.
 - handle_deallocations: 1.


Internal statistics:

num_allocs_failed_limit: 0.
num_arena_births: 12.
num_arena_deaths: 0.
num_vsnodes_births: 2.
num_vsnodes_deaths: 0.
num_space_committed: 19.
num_space_uncommitted: 0.
num_chunks_returned_to_freelist: 0.
num_chunks_taken_from_freelist: 19.
num_chunk_merges: 0.
num_chunk_splits: 10.
num_chunks_enlarged: 5.
num_purges: 0.
num_inconsistent_stats: 0.

CodeHeap 'non-profiled nmethods': size=120000Kb used=83Kb max_used=83Kb free=119916Kb
 bounds [0x0000026187ad0000, 0x0000026187d40000, 0x000002618f000000]
CodeHeap 'profiled nmethods': size=120000Kb used=354Kb max_used=354Kb free=119645Kb
 bounds [0x00000261805a0000, 0x0000026180810000, 0x0000026187ad0000]
CodeHeap 'non-nmethods': size=5760Kb used=1138Kb max_used=1153Kb free=4621Kb
 bounds [0x0000026180000000, 0x0000026180270000, 0x00000261805a0000]
 total_blobs=689 nmethods=279 adapters=323
 compilation: enabled
              stopped_count=0, restarted_count=0
 full_count=0

Compilation events (20 events):
Event: 1.028 Thread 0x0000026199810d90  273       3       java.util.LinkedHashMap::linkNodeLast (33 bytes)
Event: 1.028 Thread 0x0000026199810d90 nmethod 273 0x00000261805f3310 code [0x00000261805f34c0, 0x00000261805f37f8]
Event: 1.028 Thread 0x0000026199810d90  272       3       java.util.LinkedHashMap::afterNodeInsertion (40 bytes)
Event: 1.028 Thread 0x0000026199810d90 nmethod 272 0x00000261805f3910 code [0x00000261805f3ac0, 0x00000261805f3cb8]
Event: 1.028 Thread 0x0000026199810d90  270       3       java.util.LinkedHashMap$Entry::<init> (10 bytes)
Event: 1.028 Thread 0x0000026199810d90 nmethod 270 0x00000261805f3d90 code [0x00000261805f3f40, 0x00000261805f4238]
Event: 1.029 Thread 0x0000026199810d90  274       3       java.lang.StringBuilder::toString (35 bytes)
Event: 1.029 Thread 0x0000026199810d90 nmethod 274 0x00000261805f4310 code [0x00000261805f44e0, 0x00000261805f47b8]
Event: 1.032 Thread 0x0000026199810d90  276       3       jdk.internal.misc.Unsafe::putReferenceRelease (9 bytes)
Event: 1.032 Thread 0x0000026199810d90 nmethod 276 0x00000261805f4890 code [0x00000261805f4a20, 0x00000261805f4b98]
Event: 1.032 Thread 0x0000026199810d90  278       3       java.util.concurrent.ConcurrentHashMap::setTabAt (20 bytes)
Event: 1.032 Thread 0x0000026199810d90 nmethod 278 0x00000261805f4c10 code [0x00000261805f4dc0, 0x00000261805f4fe8]
Event: 1.032 Thread 0x0000026199810d90  279       3       java.util.Objects::requireNonNull (15 bytes)
Event: 1.032 Thread 0x0000026199810d90 nmethod 279 0x00000261805f5090 code [0x00000261805f5240, 0x00000261805f5428]
Event: 1.032 Thread 0x0000026199810d90  280       3       java.lang.StringBuilder::<init> (7 bytes)
Event: 1.032 Thread 0x0000026199810d90 nmethod 280 0x00000261805f5510 code [0x00000261805f56a0, 0x00000261805f57e8]
Event: 1.032 Thread 0x0000026199810d90  281       3       java.lang.StringLatin1::inflate (34 bytes)
Event: 1.032 Thread 0x0000026199810d90 nmethod 281 0x00000261805f5890 code [0x00000261805f5a40, 0x00000261805f5c58]
Event: 1.032 Thread 0x0000026199810d90  282       3       java.util.Properties::saveConvert (383 bytes)
Event: 1.033 Thread 0x0000026199810d90 nmethod 282 0x00000261805f5e10 code [0x00000261805f6260, 0x00000261805f7ea8]

GC Heap History (0 events):
No events

Deoptimization events (16 events):
Event: 1.028 Thread 0x00000261998059b0 Uncommon trap: trap_request=0xffffffde fr.pc=0x0000026187adc4d4 relative=0x00000000000007f4
Event: 1.028 Thread 0x00000261998059b0 Uncommon trap: reason=class_check action=maybe_recompile pc=0x0000026187adc4d4 method=java.util.HashMap.putVal(ILjava/lang/Object;Ljava/lang/Object;ZZ)Ljava/lang/Object; @ 152 c2
Event: 1.028 Thread 0x00000261998059b0 DEOPT PACKING pc=0x0000026187adc4d4 sp=0x0000006763bfe970
Event: 1.028 Thread 0x00000261998059b0 DEOPT UNPACKING pc=0x0000026180055c23 sp=0x0000006763bfe8f0 mode 2
Event: 1.028 Thread 0x00000261998059b0 Uncommon trap: trap_request=0xffffffde fr.pc=0x0000026187adc4d4 relative=0x00000000000007f4
Event: 1.028 Thread 0x00000261998059b0 Uncommon trap: reason=class_check action=maybe_recompile pc=0x0000026187adc4d4 method=java.util.HashMap.putVal(ILjava/lang/Object;Ljava/lang/Object;ZZ)Ljava/lang/Object; @ 152 c2
Event: 1.028 Thread 0x00000261998059b0 DEOPT PACKING pc=0x0000026187adc4d4 sp=0x0000006763bfe970
Event: 1.028 Thread 0x00000261998059b0 DEOPT UNPACKING pc=0x0000026180055c23 sp=0x0000006763bfe8f0 mode 2
Event: 1.028 Thread 0x00000261998059b0 Uncommon trap: trap_request=0xffffffde fr.pc=0x0000026187adc4d4 relative=0x00000000000007f4
Event: 1.028 Thread 0x00000261998059b0 Uncommon trap: reason=class_check action=maybe_recompile pc=0x0000026187adc4d4 method=java.util.HashMap.putVal(ILjava/lang/Object;Ljava/lang/Object;ZZ)Ljava/lang/Object; @ 152 c2
Event: 1.028 Thread 0x00000261998059b0 DEOPT PACKING pc=0x0000026187adc4d4 sp=0x0000006763bfe970
Event: 1.028 Thread 0x00000261998059b0 DEOPT UNPACKING pc=0x0000026180055c23 sp=0x0000006763bfe8f0 mode 2
Event: 1.028 Thread 0x00000261998059b0 Uncommon trap: trap_request=0xffffffde fr.pc=0x0000026187adc4d4 relative=0x00000000000007f4
Event: 1.028 Thread 0x00000261998059b0 Uncommon trap: reason=class_check action=maybe_recompile pc=0x0000026187adc4d4 method=java.util.HashMap.putVal(ILjava/lang/Object;Ljava/lang/Object;ZZ)Ljava/lang/Object; @ 152 c2
Event: 1.028 Thread 0x00000261998059b0 DEOPT PACKING pc=0x0000026187adc4d4 sp=0x0000006763bfe970
Event: 1.028 Thread 0x00000261998059b0 DEOPT UNPACKING pc=0x0000026180055c23 sp=0x0000006763bfe8f0 mode 2

Classes unloaded (0 events):
No events

Classes redefined (0 events):
No events

Internal exceptions (2 events):
Event: 0.074 Thread 0x00000261999f7480 Exception <a 'java/lang/NoSuchMethodError'{0x0000000713075a20}: 'java.lang.Object java.lang.invoke.DirectMethodHandle$Holder.invokeStaticInit(java.lang.Object)'> (0x0000000713075a20) 
thrown [s\src\hotspot\share\interpreter\linkResolver.cpp, line 759]
Event: 0.078 Thread 0x00000261999f7480 Exception <a 'java/lang/NoSuchMethodError'{0x0000000713083960}: 'void java.lang.invoke.DirectMethodHandle$Holder.invokeStatic(java.lang.Object, java.lang.Object)'> (0x0000000713083960) 
thrown [s\src\hotspot\share\interpreter\linkResolver.cpp, line 759]

VM Operations (2 events):
Event: 0.073 Executing VM operation: HandshakeAllThreads
Event: 0.073 Executing VM operation: HandshakeAllThreads done

Events (20 events):
Event: 1.023 loading class sun/util/locale/provider/TimeZoneNameProviderImpl done
Event: 1.023 loading class sun/util/cldr/CLDRTimeZoneNameProviderImpl done
Event: 1.025 loading class sun/util/locale/provider/BaseLocaleDataMetaInfo
Event: 1.025 loading class sun/util/locale/provider/BaseLocaleDataMetaInfo done
Event: 1.026 loading class sun/util/resources/cldr/TimeZoneNames
Event: 1.027 loading class sun/util/resources/TimeZoneNamesBundle
Event: 1.027 loading class sun/util/resources/OpenListResourceBundle
Event: 1.027 loading class sun/util/resources/OpenListResourceBundle done
Event: 1.027 loading class sun/util/resources/TimeZoneNamesBundle done
Event: 1.027 loading class sun/util/resources/cldr/TimeZoneNames done
Event: 1.027 loading class sun/util/resources/cldr/TimeZoneNames_en
Event: 1.027 loading class sun/util/resources/cldr/TimeZoneNames_en done
Event: 1.027 loading class sun/util/resources/cldr/TimeZoneNames_en_US
Event: 1.027 loading class sun/util/resources/cldr/TimeZoneNames_en_US done
Event: 1.028 loading class java/util/LinkedHashMap$LinkedKeySet
Event: 1.028 loading class java/util/LinkedHashMap$LinkedKeySet done
Event: 1.029 loading class sun/util/resources/TimeZoneNames
Event: 1.029 loading class sun/util/resources/TimeZoneNames done
Event: 1.030 loading class sun/util/resources/TimeZoneNames_en
Event: 1.030 loading class sun/util/resources/TimeZoneNames_en done


Dynamic libraries:
0x00007ff766370000 - 0x00007ff76637d000 	C:\Users\abdyk\.jdks\corretto-17.0.4.1\bin\java.exe
0x00007ffa01540000 - 0x00007ffa01749000 	C:\WINDOWS\SYSTEM32\ntdll.dll
0x00007ffa006e0000 - 0x00007ffa0079d000 	C:\WINDOWS\System32\KERNEL32.DLL
0x00007ff9fee40000 - 0x00007ff9ff1bd000 	C:\WINDOWS\System32\KERNELBASE.dll
0x00007ff9feac0000 - 0x00007ff9febd1000 	C:\WINDOWS\System32\ucrtbase.dll
0x00007ff9f94c0000 - 0x00007ff9f94d5000 	C:\Users\abdyk\.jdks\corretto-17.0.4.1\bin\VCRUNTIME140.dll
0x00007ff9f9480000 - 0x00007ff9f9498000 	C:\Users\abdyk\.jdks\corretto-17.0.4.1\bin\jli.dll
0x00007ff9ff770000 - 0x00007ff9ff91d000 	C:\WINDOWS\System32\USER32.dll
0x00007ff9eff70000 - 0x00007ff9f0215000 	C:\WINDOWS\WinSxS\amd64_microsoft.windows.common-controls_6595b64144ccf1df_6.0.22000.120_none_9d947278b86cc467\COMCTL32.dll
0x00007ff9ff1c0000 - 0x00007ff9ff1e6000 	C:\WINDOWS\System32\win32u.dll
0x00007ff9ff920000 - 0x00007ff9ff9c3000 	C:\WINDOWS\System32\msvcrt.dll
0x00007ffa01180000 - 0x00007ffa011a9000 	C:\WINDOWS\System32\GDI32.dll
0x00007ff9feca0000 - 0x00007ff9fedb8000 	C:\WINDOWS\System32\gdi32full.dll
0x00007ff9fea20000 - 0x00007ff9feabd000 	C:\WINDOWS\System32\msvcp_win.dll
0x00007ffa014c0000 - 0x00007ffa014f1000 	C:\WINDOWS\System32\IMM32.DLL
0x00007ff9f2550000 - 0x00007ff9f25eb000 	C:\Users\abdyk\.jdks\corretto-17.0.4.1\bin\msvcp140.dll
0x00007ff996c80000 - 0x00007ff997894000 	C:\Users\abdyk\.jdks\corretto-17.0.4.1\bin\server\jvm.dll
0x00007ff9ffa40000 - 0x00007ff9ffaee000 	C:\WINDOWS\System32\ADVAPI32.dll
0x00007ffa011b0000 - 0x00007ffa0124e000 	C:\WINDOWS\System32\sechost.dll
0x00007ffa007a0000 - 0x00007ffa008c0000 	C:\WINDOWS\System32\RPCRT4.dll
0x00007ffa00970000 - 0x00007ffa00978000 	C:\WINDOWS\System32\PSAPI.DLL
0x00007ff9dc040000 - 0x00007ff9dc049000 	C:\WINDOWS\SYSTEM32\WSOCK32.dll
0x00007ffa00610000 - 0x00007ffa0067f000 	C:\WINDOWS\System32\WS2_32.dll
0x00007ff9f82f0000 - 0x00007ff9f8323000 	C:\WINDOWS\SYSTEM32\WINMM.dll
0x00007ff9f71b0000 - 0x00007ff9f71ba000 	C:\WINDOWS\SYSTEM32\VERSION.dll
0x00007ff9fdc10000 - 0x00007ff9fdc28000 	C:\WINDOWS\SYSTEM32\kernel.appcore.dll
0x00007ff9f9b50000 - 0x00007ff9f9b5a000 	C:\Users\abdyk\.jdks\corretto-17.0.4.1\bin\jimage.dll
0x00007ff9fc560000 - 0x00007ff9fc781000 	C:\WINDOWS\SYSTEM32\DBGHELP.DLL
0x00007ff9f5660000 - 0x00007ff9f5691000 	C:\WINDOWS\SYSTEM32\dbgcore.DLL
0x00007ff9fedc0000 - 0x00007ff9fee3f000 	C:\WINDOWS\System32\bcryptPrimitives.dll
0x00007ff9f9b30000 - 0x00007ff9f9b3e000 	C:\Users\abdyk\.jdks\corretto-17.0.4.1\bin\instrument.dll
0x00007ff9f8480000 - 0x00007ff9f84a5000 	C:\Users\abdyk\.jdks\corretto-17.0.4.1\bin\java.dll
0x00007ff9b8150000 - 0x00007ff9b8226000 	C:\Users\abdyk\.jdks\corretto-17.0.4.1\bin\jsvml.dll
0x00007ff9ffbe0000 - 0x00007ffa00398000 	C:\WINDOWS\System32\SHELL32.dll
0x00007ff9fca80000 - 0x00007ff9fd2e8000 	C:\WINDOWS\SYSTEM32\windows.storage.dll
0x00007ff9ff3f0000 - 0x00007ff9ff769000 	C:\WINDOWS\System32\combase.dll
0x00007ff9fc910000 - 0x00007ff9fca76000 	C:\WINDOWS\SYSTEM32\wintypes.dll
0x00007ff9ffaf0000 - 0x00007ff9ffbda000 	C:\WINDOWS\System32\SHCORE.dll
0x00007ffa01340000 - 0x00007ffa0139d000 	C:\WINDOWS\System32\shlwapi.dll
0x00007ff9fe950000 - 0x00007ff9fe971000 	C:\WINDOWS\SYSTEM32\profapi.dll
0x00007ff9d6350000 - 0x00007ff9d6368000 	C:\Users\abdyk\.jdks\corretto-17.0.4.1\bin\zip.dll
0x00007ff9f3e80000 - 0x00007ff9f3e99000 	C:\Users\abdyk\.jdks\corretto-17.0.4.1\bin\net.dll
0x00007ff9fa600000 - 0x00007ff9fa70c000 	C:\WINDOWS\SYSTEM32\WINHTTP.dll
0x00007ff9fe040000 - 0x00007ff9fe0a7000 	C:\WINDOWS\system32\mswsock.dll
0x00007ff9efae0000 - 0x00007ff9efaf5000 	C:\Users\abdyk\.jdks\corretto-17.0.4.1\bin\nio.dll
0x00007ff9b9d80000 - 0x00007ff9b9d9a000 	C:\Program Files\JetBrains\IntelliJ IDEA Community Edition 2022.2.1\bin\breakgen64.dll

dbghelp: loaded successfully - version: 4.0.5 - missing functions: none
symbol engine: initialized successfully - sym options: 0x614 - pdb path: .;C:\Users\abdyk\.jdks\corretto-17.0.4.1\bin;C:\WINDOWS\SYSTEM32;C:\WINDOWS\WinSxS\amd64_microsoft.windows.common-controls_6595b64144ccf1df_6.0.22000.120_none_9d947278b86cc467;C:\Users\abdyk\.jdks\corretto-17.0.4.1\bin\server;C:\Program Files\JetBrains\IntelliJ IDEA Community Edition 2022.2.1\bin

VM Arguments:
jvm_args: -javaagent:C:\Program Files\JetBrains\IntelliJ IDEA Community Edition 2022.2.1\lib\idea_rt.jar=59655:C:\Program Files\JetBrains\IntelliJ IDEA Community Edition 2022.2.1\bin -Dfile.encoding=UTF-8 
java_command: Main
java_class_path (initial): C:\Users\abdyk\IdeaProjects\Lesson-10\out\production\Lesson-10
Launcher Type: SUN_STANDARD

[Global flags]
     intx CICompilerCount                          = 4                                         {product} {ergonomic}
     uint ConcGCThreads                            = 2                                         {product} {ergonomic}
     uint G1ConcRefinementThreads                  = 8                                         {product} {ergonomic}
   size_t G1HeapRegionSize                         = 2097152                                   {product} {ergonomic}
    uintx GCDrainStackTargetSize                   = 64                                        {product} {ergonomic}
   size_t InitialHeapSize                          = 266338304                                 {product} {ergonomic}
   size_t MarkStackSize                            = 4194304                                   {product} {ergonomic}
   size_t MaxHeapSize                              = 4238344192                                {product} {ergonomic}
   size_t MaxNewSize                               = 2541748224                                {product} {ergonomic}
   size_t MinHeapDeltaBytes                        = 2097152                                   {product} {ergonomic}
   size_t MinHeapSize                              = 8388608                                   {product} {ergonomic}
    uintx NonNMethodCodeHeapSize                   = 5839372                                {pd product} {ergonomic}
    uintx NonProfiledCodeHeapSize                  = 122909434                              {pd product} {ergonomic}
    uintx ProfiledCodeHeapSize                     = 122909434                              {pd product} {ergonomic}
    uintx ReservedCodeCacheSize                    = 251658240                              {pd product} {ergonomic}
     bool SegmentedCodeCache                       = true                                      {product} {ergonomic}
   size_t SoftMaxHeapSize                          = 4238344192                             {manageable} {ergonomic}
     bool UseCompressedClassPointers               = true                           {product lp64_product} {ergonomic}
     bool UseCompressedOops                        = true                           {product lp64_product} {ergonomic}
     bool UseG1GC                                  = true                                      {product} {ergonomic}
     bool UseLargePagesIndividualAllocation        = false                                  {pd product} {ergonomic}

Logging:
Log output configuration:
 #0: stdout all=warning uptime,level,tags
 #1: stderr all=off uptime,level,tags

Environment Variables:
PATH=C:\WINDOWS\system32;C:\WINDOWS;C:\WINDOWS\System32\Wbem;C:\WINDOWS\System32\WindowsPowerShell\v1.0\;C:\WINDOWS\System32\OpenSSH\;C:\Users\abdyk\AppData\Local\Microsoft\WindowsApps;
USERNAME=abdyk
OS=Windows_NT
PROCESSOR_IDENTIFIER=Intel64 Family 6 Model 140 Stepping 1, GenuineIntel
TMP=C:\Users\abdyk\AppData\Local\Temp
TEMP=C:\Users\abdyk\AppData\Local\Temp



---------------  S Y S T E M  ---------------

OS:
 Windows 11 , 64 bit Build 22000 (10.0.22000.708)
OS uptime: 15 days 9:55 hours

CPU: total 8 (initial active 8) (4 cores per cpu, 2 threads per core) family 6 model 140 stepping 1 microcode 0x86, cx8, cmov, fxsr, ht, mmx, 3dnowpref, sse, sse2, sse3, ssse3, sse4.1, sse4.2, popcnt, lzcnt, tsc, tscinvbit, avx, avx2, aes, erms, clmul, bmi1, bmi2, adx, avx512f, avx512dq, avx512cd, avx512bw, avx512vl, sha, fma, vzeroupper, avx512_vpopcntdq, avx512_vpclmulqdq, avx512_vaes, avx512_vnni, clflush, clflushopt, clwb, avx512_vbmi2, avx512_vbmi

Memory: 4k page, system-wide physical 16167M (1184M free)
TotalPageFile size 46532M (AvailPageFile size 2M)
current process WorkingSet (physical memory assigned to process): 39M, peak: 39M
current process commit charge ("private bytes"): 344M, peak: 345M

vm_info: OpenJDK 64-Bit Server VM (17.0.4.1+9-LTS) for windows-amd64 JRE (17.0.4.1+9-LTS), built on Aug 12 2022 17:33:36 by "Administrator" with MS VC++ 15.9 (VS2017)

END.
